<?xml version="1.0" encoding="UTF-8" ?>
<testsuite failures="0" time="0.177" errors="0" skipped="0" tests="20" name="br.octahedron.cotopaxi.ControllerTest">
  <properties>
[...]
</properties>
  <testcase time="0.046" classname="br.octahedron.cotopaxi.ControllerTest" name="controllerTest1"/>
  <testcase time="0.011" classname="br.octahedron.cotopaxi.ControllerTest" name="controllerTest2"/>
  <testcase time="0.015" classname="br.octahedron.cotopaxi.ControllerTest" name="controllerTest3"/>
  <testcase time="0.006" classname="br.octahedron.cotopaxi.ControllerTest" name="controllerTest4"/>
  <testcase time="0.006" classname="br.octahedron.cotopaxi.ControllerTest" name="controllerTest5"/>
  <testcase time="0.005" classname="br.octahedron.cotopaxi.ControllerTest" name="controllerTest6"/>
  <testcase time="0.004" classname="br.octahedron.cotopaxi.ControllerTest" name="controllerTest7"/>
  <testcase time="0.005" classname="br.octahedron.cotopaxi.ControllerTest" name="controllerTest8"/>
  <testcase time="0.009" classname="br.octahedron.cotopaxi.ControllerTest" name="controllerTest9"/>
  <testcase time="0.005" classname="br.octahedron.cotopaxi.ControllerTest" name="controllerTest10"/>
  <testcase time="0.005" classname="br.octahedron.cotopaxi.ControllerTest" name="controllerTest11"/>
  <testcase time="0.005" classname="br.octahedron.cotopaxi.ControllerTest" name="controllerTest12"/>
  <testcase time="0.004" classname="br.octahedron.cotopaxi.ControllerTest" name="controllerTest13"/>
  <testcase time="0.004" classname="br.octahedron.cotopaxi.ControllerTest" name="controllerTest14"/>
  <testcase time="0.004" classname="br.octahedron.cotopaxi.ControllerTest" name="controllerTest15"/>
  <testcase time="0.01" classname="br.octahedron.cotopaxi.ControllerTest" name="controllerTest16"/>
  <testcase time="0.004" classname="br.octahedron.cotopaxi.ControllerTest" name="controllerTest17"/>
  <testcase time="0.007" classname="br.octahedron.cotopaxi.ControllerTest" name="controllerTest18"/>
  <testcase time="0.004" classname="br.octahedron.cotopaxi.ControllerTest" name="controllerTest19"/>
  <testcase time="0.004" classname="br.octahedron.cotopaxi.ControllerTest" name="controllerTest20"/>
</testsuite>